<?xml version="1.0" encoding="UTF-8"?>
<testsuite name="com.estafet.camel.blueprint.RouteTest" time="0.062" tests="1" errors="1" skipped="0" failures="0">
  <properties>
[...]
</properties>
  <testcase name="testRoute" classname="com.estafet.camel.blueprint.RouteTest" time="0.062">
    <error message="Cannot find resource: OSGI-INF/blueprint/blueprint.xml in classpath for URI: OSGI-INF/blueprint/blueprint.xml" type="java.io.FileNotFoundException">java.io.FileNotFoundException: Cannot find resource: OSGI-INF/blueprint/blueprint.xml in classpath for URI: OSGI-INF/blueprint/blueprint.xml
	at org.apache.camel.util.ResourceHelper.resolveMandatoryResourceAsUrl(ResourceHelper.java:151)
	at org.apache.camel.test.blueprint.CamelBlueprintHelper.getBlueprintDescriptors(CamelBlueprintHelper.java:343)
	at org.apache.camel.test.blueprint.CamelBlueprintHelper.createTestBundle(CamelBlueprintHelper.java:252)
	at org.apache.camel.test.blueprint.CamelBlueprintHelper.createBundleContext(CamelBlueprintHelper.java:99)
	at org.apache.camel.test.blueprint.CamelBlueprintTestSupport.createBundleContext(CamelBlueprintTestSupport.java:66)
	at org.apache.camel.test.blueprint.CamelBlueprintTestSupport.setUp(CamelBlueprintTestSupport.java:130)
	at sun.reflect.NativeMethodAccessorImpl.invoke0(Native Method)
	at sun.reflect.NativeMethodAccessorImpl.invoke(NativeMethodAccessorImpl.java:57)
	at sun.reflect.DelegatingMethodAccessorImpl.invoke(DelegatingMethodAccessorImpl.java:43)
	at java.lang.reflect.Method.invoke(Method.java:606)
	at org.junit.runners.model.FrameworkMethod$1.runReflectiveCall(FrameworkMethod.java:47)
	at org.junit.internal.runners.model.ReflectiveCallable.run(ReflectiveCallable.java:12)
	at org.junit.runners.model.FrameworkMethod.invokeExplosively(FrameworkMethod.java:44)
	at org.junit.internal.runners.statements.RunBefores.evaluate(RunBefores.java:24)
	at org.junit.internal.runners.statements.RunAfters.evaluate(RunAfters.java:27)
	at org.junit.rules.TestWatcher$1.evaluate(TestWatcher.java:55)
	at org.junit.rules.RunRules.evaluate(RunRules.java:20)
	at org.junit.runners.ParentRunner.runLeaf(ParentRunner.java:271)
	at org.junit.runners.BlockJUnit4ClassRunner.runChild(BlockJUnit4ClassRunner.java:70)
	at org.junit.runners.BlockJUnit4ClassRunner.runChild(BlockJUnit4ClassRunner.java:50)
	at org.junit.runners.ParentRunner$3.run(ParentRunner.java:238)
	at org.junit.runners.ParentRunner$1.schedule(ParentRunner.java:63)
	at org.junit.runners.ParentRunner.runChildren(ParentRunner.java:236)
	at org.junit.runners.ParentRunner.access$000(ParentRunner.java:53)
	at org.junit.runners.ParentRunner$2.evaluate(ParentRunner.java:229)
	at org.junit.internal.runners.statements.RunAfters.evaluate(RunAfters.java:27)
	at org.junit.runners.ParentRunner.run(ParentRunner.java:309)
	at org.apache.maven.surefire.junit4.JUnit4Provider.execute(JUnit4Provider.java:283)
	at org.apache.maven.surefire.junit4.JUnit4Provider.executeWithRerun(JUnit4Provider.java:173)
	at org.apache.maven.surefire.junit4.JUnit4Provider.executeTestSet(JUnit4Provider.java:153)
	at org.apache.maven.surefire.junit4.JUnit4Provider.invoke(JUnit4Provider.java:128)
	at org.apache.maven.surefire.booter.ForkedBooter.invokeProviderInSameClassLoader(ForkedBooter.java:203)
	at org.apache.maven.surefire.booter.ForkedBooter.runSuitesInProcess(ForkedBooter.java:155)
	at org.apache.maven.surefire.booter.ForkedBooter.main(ForkedBooter.java:103)
</error>
    <system-out><![CDATA[[                          main] RouteTest                      INFO  ********************************************************************************
[                          main] RouteTest                      INFO  Testing done: testRoute(com.estafet.camel.blueprint.RouteTest)
[                          main] RouteTest                      INFO  Took: 0.049 seconds (49 millis)
[                          main] RouteTest                      INFO  ********************************************************************************
]]></system-out>
  </testcase>
</testsuite>